Tue May 23 18:24:48 CEST 2017 : Server di rete Apache Derby: 10.11.1.2 - (1629631) avviato e pronto ad accettare connessioni sulla porta 1527
----------------------------------------------------------------
Tue May 23 18:24:48 CEST 2017:
Avvio della versione di Derby The Apache Software Foundation - Apache Derby - 10.11.1.2 - (1629631): istanza a816c00e-015c-3620-08a9-ffff98fc3fb5
sulla directory di database C:\Users\marti\Documents\NetBeansProjects\ProggettoAMM\ProgettoAMM\web\WEB-INF\db\ammdb con caricatore classi sun.misc.Launcher$AppClassLoader@6f94fa3e 
Caricato da file:/C:/Program%20Files/Java/jdk1.8.0_121/db/lib/derby.jar
java.vendor=Oracle Corporation
java.runtime.version=1.8.0_121-b13
user.dir=C:\Program Files\Java\jdk1.8.0_121\db
os.name=Windows 10
os.arch=amd64
os.version=10.0
derby.system.home=C:\Users\marti\Documents\NetBeansProjects\ProggettoAMM\ProgettoAMM\web\WEB-INF\db
Programma di caricamento classe database avviato - derby.database.classpath=''
----------------------------------------------------------------
Tue May 23 18:25:04 CEST 2017:
Arresto dell'istanza a816c00e-015c-3620-08a9-ffff98fc3fb5 nella directory del database C:\Users\marti\Documents\NetBeansProjects\ProggettoAMM\ProgettoAMM\web\WEB-INF\db\ammdb con il caricatore di classi sun.misc.Launcher$AppClassLoader@6f94fa3e 
Tue May 23 18:25:04 CEST 2017 Thread[DRDAConnThread_3,5,main] (DATABASE = ammdb), (DRDAID = {2}), Chiusura del database 'ammdb'.
----------------------------------------------------------------
Tue May 23 18:25:13 CEST 2017:
Avvio della versione di Derby The Apache Software Foundation - Apache Derby - 10.11.1.2 - (1629631): istanza a65c80ac-015c-3620-08a9-ffff98fc3fb5
sulla directory di database C:\Users\marti\Documents\NetBeansProjects\ProggettoAMM\ProgettoAMM\web\WEB-INF\db\ammdb con caricatore classi sun.misc.Launcher$AppClassLoader@6f94fa3e 
Caricato da file:/C:/Program%20Files/Java/jdk1.8.0_121/db/lib/derby.jar
java.vendor=Oracle Corporation
java.runtime.version=1.8.0_121-b13
user.dir=C:\Program Files\Java\jdk1.8.0_121\db
os.name=Windows 10
os.arch=amd64
os.version=10.0
derby.system.home=C:\Users\marti\Documents\NetBeansProjects\ProggettoAMM\ProgettoAMM\web\WEB-INF\db
Programma di caricamento classe database avviato - derby.database.classpath=''
